<?xml version="1.0" encoding="UTF-8"?>
<!-- Generated by org.testng.reporters.JUnitReportReporter -->
<testsuite hostname="DESKTOP-7NA2GMB" failures="0" tests="1" name="org.TestYantracom.organization.ParameterDemoTest" time="9.379" errors="0" timestamp="2022-03-23T13:11:37 IST" skipped="0">
  <testcase classname="org.TestYantracom.organization.ParameterDemoTest" name="getDataFromRunTime" time="9.379"/>
  <system-out/>
</testsuite> <!-- org.TestYantracom.organization.ParameterDemoTest -->
