<?xml version="1.0" encoding="UTF-8"?>
<!-- Generated by org.testng.reporters.JUnitReportReporter -->
<testsuite hostname="DESKTOP-7NA2GMB" failures="0" tests="1" name="org.TestYantracom.organization.CreateContactTest" time="0.012" errors="0" timestamp="2022-03-22T19:04:46 IST" skipped="0">
  <testcase classname="org.TestYantracom.organization.CreateContactTest" name="contact" time="0.012"/>
  <system-out/>
</testsuite> <!-- org.TestYantracom.organization.CreateContactTest -->
