<?xml version="1.0" encoding="UTF-8"?>
<!-- Generated by org.testng.reporters.JUnitReportReporter -->
<testsuite hostname="DESKTOP-7NA2GMB" failures="0" tests="1" name="org.TestYantracom.organization.CreateLeadTest" time="0.013" errors="0" timestamp="2022-03-22T19:04:40 IST" skipped="0">
  <testcase classname="org.TestYantracom.organization.CreateLeadTest" name="lead" time="0.013"/>
  <system-out/>
</testsuite> <!-- org.TestYantracom.organization.CreateLeadTest -->
