<?xml version="1.0" encoding="UTF-8"?>
<!-- Generated by org.testng.reporters.JUnitReportReporter -->
<testsuite hostname="DESKTOP-7NA2GMB" failures="0" tests="1" name="org.TestYantracom.organization.CreateOrganizationTest" time="0.015" errors="0" timestamp="2022-03-22T20:19:08 IST" skipped="0">
  <testcase classname="org.TestYantracom.organization.CreateOrganizationTest" name="organization" time="0.015"/>
  <system-out/>
</testsuite> <!-- org.TestYantracom.organization.CreateOrganizationTest -->
