<?xml version="1.0" encoding="UTF-8"?>
<!-- Generated by org.testng.reporters.JUnitReportReporter -->
<testsuite hostname="DESKTOP-7NA2GMB" failures="0" tests="1" name="org.TestYantracom.organization.CreateProductTest" time="0.010" errors="0" timestamp="2022-03-22T19:04:24 IST" skipped="0">
  <testcase classname="org.TestYantracom.organization.CreateProductTest" name="product" time="0.010"/>
  <system-out/>
</testsuite> <!-- org.TestYantracom.organization.CreateProductTest -->
